[    0.000000] Initializing cgroup subsys cpuset
[    0.000000] Initializing cgroup subsys cpu
[    0.000000] Initializing cgroup subsys cpuacct
[    0.000000] Linux version 4.4.0-190-generic (buildd@lcy01-amd64-026) (gcc version 5.4.0 20160609 (Ubuntu 5.4.0-6ubuntu1~16.04.12) ) #220-Ubuntu SMP Fri Aug 28 23:02:15 UTC 2020 (Ubuntu 4.4.0-190.220-generic 4.4.233)
[    0.000000] Command line: BOOT_IMAGE=/boot/vmlinuz-4.4.0-190-generic root=LABEL=cloudimg-rootfs ro console=tty1 console=ttyS0
[    0.000000] KERNEL supported cpus:
[    0.000000]   Intel GenuineIntel
[    0.000000]   AMD AuthenticAMD
[    0.000000]   Centaur CentaurHauls
[    0.000000] x86/fpu: xstate_offset[2]:  576, xstate_sizes[2]:  256
[    0.000000] x86/fpu: Supporting XSAVE feature 0x01: 'x87 floating point registers'
[    0.000000] x86/fpu: Supporting XSAVE feature 0x02: 'SSE registers'
[    0.000000] x86/fpu: Supporting XSAVE feature 0x04: 'AVX registers'
[    0.000000] x86/fpu: Enabled xstate features 0x7, context size is 832 bytes, using 'standard' format.
[    0.000000] e820: BIOS-provided physical RAM map:
[    0.000000] BIOS-e820: [mem 0x0000000000000000-0x000000000009fbff] usable
[    0.000000] BIOS-e820: [mem 0x000000000009fc00-0x000000000009ffff] reserved
[    0.000000] BIOS-e820: [mem 0x00000000000f0000-0x00000000000fffff] reserved
[    0.000000] BIOS-e820: [mem 0x0000000000100000-0x000000003ffeffff] usable
[    0.000000] BIOS-e820: [mem 0x000000003fff0000-0x000000003fffffff] ACPI data
[    0.000000] BIOS-e820: [mem 0x00000000fec00000-0x00000000fec00fff] reserved
[    0.000000] BIOS-e820: [mem 0x00000000fee00000-0x00000000fee00fff] reserved
[    0.000000] BIOS-e820: [mem 0x00000000fffc0000-0x00000000ffffffff] reserved
[    0.000000] NX (Execute Disable) protection: active
[    0.000000] SMBIOS 2.5 present.
[    0.000000] Hypervisor detected: KVM
[    0.000000] e820: last_pfn = 0x3fff0 max_arch_pfn = 0x400000000
[    0.000000] MTRR: Disabled
[    0.000000] x86/PAT: MTRRs disabled, skipping PAT initialization too.
[    0.000000] CPU MTRRs all blank - virtualized system.
[    0.000000] x86/PAT: Configuration [0-7]: WB  WT  UC- UC  WB  WT  UC- UC  
[    0.000000] found SMP MP-table at [mem 0x0009fff0-0x0009ffff] mapped at [ffff88000009fff0]
[    0.000000] Scanning 1 areas for low memory corruption
[    0.000000] RAMDISK: [mem 0x362e0000-0x37167fff]
[    0.000000] ACPI: Early table checksum verification disabled
[    0.000000] ACPI: RSDP 0x00000000000E0000 000024 (v02 VBOX  )
[    0.000000] ACPI: XSDT 0x000000003FFF0030 00003C (v01 VBOX   VBOXXSDT 00000001 ASL  00000061)
[    0.000000] ACPI: FACP 0x000000003FFF00F0 0000F4 (v04 VBOX   VBOXFACP 00000001 ASL  00000061)
[    0.000000] ACPI: DSDT 0x000000003FFF0470 002325 (v02 VBOX   VBOXBIOS 00000002 INTL 20100528)
[    0.000000] ACPI: FACS 0x000000003FFF0200 000040
[    0.000000] ACPI: FACS 0x000000003FFF0200 000040
[    0.000000] ACPI: APIC 0x000000003FFF0240 00005C (v02 VBOX   VBOXAPIC 00000001 ASL  00000061)
[    0.000000] ACPI: SSDT 0x000000003FFF02A0 0001CC (v01 VBOX   VBOXCPUT 00000002 INTL 20100528)
[    0.000000] No NUMA configuration found
[    0.000000] Faking a node at [mem 0x0000000000000000-0x000000003ffeffff]
[    0.000000] NODE_DATA(0) allocated [mem 0x3ffeb000-0x3ffeffff]
[    0.000000] kvm-clock: Using msrs 4b564d01 and 4b564d00
[    0.000000] kvm-clock: cpu 0, msr 0:3ffe3001, primary cpu clock
[    0.000000] kvm-clock: using sched offset of 3124930483 cycles
[    0.000000] clocksource: kvm-clock: mask: 0xffffffffffffffff max_cycles: 0x1cd42e4dffb, max_idle_ns: 881590591483 ns
[    0.000000] Zone ranges:
[    0.000000]   DMA      [mem 0x0000000000001000-0x0000000000ffffff]
[    0.000000]   DMA32    [mem 0x0000000001000000-0x000000003ffeffff]
[    0.000000]   Normal   empty
[    0.000000]   Device   empty
[    0.000000] Movable zone start for each node
[    0.000000] Early memory node ranges
[    0.000000]   node   0: [mem 0x0000000000001000-0x000000000009efff]
[    0.000000]   node   0: [mem 0x0000000000100000-0x000000003ffeffff]
[    0.000000] Initmem setup node 0 [mem 0x0000000000001000-0x000000003ffeffff]
[    0.000000] ACPI: PM-Timer IO Port: 0x4008
[    0.000000] IOAPIC[0]: apic_id 2, version 32, address 0xfec00000, GSI 0-23
[    0.000000] ACPI: INT_SRC_OVR (bus 0 bus_irq 0 global_irq 2 dfl dfl)
[    0.000000] ACPI: INT_SRC_OVR (bus 0 bus_irq 9 global_irq 9 low level)
[    0.000000] Using ACPI (MADT) for SMP configuration information
[    0.000000] smpboot: Allowing 2 CPUs, 0 hotplug CPUs
[    0.000000] PM: Registered nosave memory: [mem 0x00000000-0x00000fff]
[    0.000000] PM: Registered nosave memory: [mem 0x0009f000-0x0009ffff]
[    0.000000] PM: Registered nosave memory: [mem 0x000a0000-0x000effff]
[    0.000000] PM: Registered nosave memory: [mem 0x000f0000-0x000fffff]
[    0.000000] e820: [mem 0x40000000-0xfebfffff] available for PCI devices
[    0.000000] Booting paravirtualized kernel on KVM
[    0.000000] clocksource: refined-jiffies: mask: 0xffffffff max_cycles: 0xffffffff, max_idle_ns: 7645519600211568 ns
[    0.000000] setup_percpu: NR_CPUS:512 nr_cpumask_bits:512 nr_cpu_ids:2 nr_node_ids:1
[    0.000000] PERCPU: Embedded 33 pages/cpu @ffff88003fc00000 s95512 r8192 d31464 u1048576
[    0.000000] Built 1 zonelists in Node order, mobility grouping on.  Total pages: 257912
[    0.000000] Policy zone: DMA32
[    0.000000] Kernel command line: BOOT_IMAGE=/boot/vmlinuz-4.4.0-190-generic root=LABEL=cloudimg-rootfs ro console=tty1 console=ttyS0
[    0.000000] PID hash table entries: 4096 (order: 3, 32768 bytes)
[    0.000000] Memory: 997664K/1048120K available (8636K kernel code, 1337K rwdata, 4040K rodata, 1492K init, 1296K bss, 50456K reserved, 0K cma-reserved)
[    0.000000] SLUB: HWalign=64, Order=0-3, MinObjects=0, CPUs=2, Nodes=1
[    0.000000] Kernel/User page tables isolation: enabled
[    0.000000] Hierarchical RCU implementation.
[    0.000000] 	Build-time adjustment of leaf fanout to 64.
[    0.000000] 	RCU restricting CPUs from NR_CPUS=512 to nr_cpu_ids=2.
[    0.000000] RCU: Adjusting geometry for rcu_fanout_leaf=64, nr_cpu_ids=2
[    0.000000] NR_IRQS:33024 nr_irqs:440 16
[    0.000000] Console: colour VGA+ 80x25
[    0.000000] console [tty1] enabled
[    0.000000] console [ttyS0] enabled
[    0.000000] tsc: Detected 3192.002 MHz processor
[    0.145452] Calibrating delay loop (skipped) preset value.. 6384.00 BogoMIPS (lpj=12768008)
[    0.147255] pid_max: default: 32768 minimum: 301
[    0.148222] ACPI: Core revision 20150930
[    0.150404] ACPI: 2 ACPI AML tables successfully acquired and loaded
[    0.151755] Security Framework initialized
[    0.152623] Yama: becoming mindful.
[    0.153453] AppArmor: AppArmor initialized
[    0.154389] Dentry cache hash table entries: 131072 (order: 8, 1048576 bytes)
[    0.156189] Inode-cache hash table entries: 65536 (order: 7, 524288 bytes)
[    0.157651] Mount-cache hash table entries: 2048 (order: 2, 16384 bytes)
[    0.158916] Mountpoint-cache hash table entries: 2048 (order: 2, 16384 bytes)
[    0.160319] Initializing cgroup subsys io
[    0.161195] Initializing cgroup subsys memory
[    0.162195] Initializing cgroup subsys devices
[    0.163112] Initializing cgroup subsys freezer
[    0.164027] Initializing cgroup subsys net_cls
[    0.164976] Initializing cgroup subsys perf_event
[    0.165988] Initializing cgroup subsys net_prio
[    0.166949] Initializing cgroup subsys hugetlb
[    0.167921] Initializing cgroup subsys pids
[    0.169846] mce: CPU supports 0 MCE banks
[    0.170737] Last level iTLB entries: 4KB 64, 2MB 8, 4MB 8
[    0.171824] Last level dTLB entries: 4KB 64, 2MB 0, 4MB 0, 1GB 4
[    0.173067] Spectre V1 : Mitigation: usercopy/swapgs barriers and __user pointer sanitization
[    0.174830] Spectre V2 : Mitigation: Full generic retpoline
[    0.176079] Spectre V2 : Spectre v2 / SpectreRSB mitigation: Filling RSB on context switch
[    0.177885] Speculative Store Bypass: Vulnerable
[    0.178922] SRBDS: Unknown: Dependent on hypervisor status
[    0.180052] MDS: Mitigation: Clear CPU buffers
[    0.183436] Freeing SMP alternatives memory: 36K
[    0.189732] ftrace: allocating 32339 entries in 127 pages
[    0.241987] smpboot: APIC(0) Converting physical 0 to logical package 0
[    0.243274] smpboot: Max logical packages: 1
[    0.244432] x2apic enabled
[    0.245365] Switched APIC routing to physical x2apic.
[    0.247575] ..TIMER: vector=0x30 apic1=0 pin1=2 apic2=-1 pin2=-1
[    0.356905] smpboot: CPU0: Intel(R) Core(TM) i7-8700 CPU @ 3.20GHz (family: 0x6, model: 0x9e, stepping: 0xa)
[    0.359384] Performance Events: unsupported p6 CPU model 158 no PMU driver, software events only.
[    0.369111] KVM setup paravirtual spinlock
[    0.370612] x86: Booting SMP configuration:
[    0.371518] .... node  #0, CPUs:      #1
[    0.372460] kvm-clock: cpu 1, msr 0:3ffe3041, secondary cpu clock
[    0.374257] mce: CPU supports 0 MCE banks
[    0.376839] x86: Booted up 1 node, 2 CPUs
[    0.377974] smpboot: Total of 2 processors activated (12768.00 BogoMIPS)
[    0.379885] devtmpfs: initialized
[    0.381958] evm: security.selinux
[    0.383046] evm: security.SMACK64
[    0.383831] evm: security.SMACK64EXEC
[    0.384699] evm: security.SMACK64TRANSMUTE
[    0.385644] evm: security.SMACK64MMAP
[    0.386616] evm: security.ima
[    0.387400] evm: security.capability
[    0.388633] clocksource: jiffies: mask: 0xffffffff max_cycles: 0xffffffff, max_idle_ns: 7645041785100000 ns
[    0.390779] futex hash table entries: 512 (order: 3, 32768 bytes)
[    0.392390] pinctrl core: initialized pinctrl subsystem
[    0.393662] RTC time: 16:37:17, date: 09/27/20
[    0.394827] NET: Registered protocol family 16
[    0.406553] cpuidle: using governor ladder
[    0.418634] cpuidle: using governor menu
[    0.419546] PCCT header not found.
[    0.420593] ACPI: bus type PCI registered
[    0.421518] acpiphp: ACPI Hot Plug PCI Controller Driver version: 0.5
[    0.422843] PCI: Using configuration type 1 for base access
[    0.435067] ACPI: Added _OSI(Module Device)
[    0.436069] ACPI: Added _OSI(Processor Device)
[    0.437373] ACPI: Added _OSI(3.0 _SCP Extensions)
[    0.438323] ACPI: Added _OSI(Processor Aggregator Device)
[    0.439915] ACPI: Executed 1 blocks of module-level executable AML code
[    0.443620] ACPI: Interpreter enabled
[    0.444515] ACPI: (supports S0 S5)
[    0.445517] ACPI: Using IOAPIC for interrupt routing
[    0.446704] PCI: Using host bridge windows from ACPI; if necessary, use "pci=nocrs" and report a bug
[    0.451806] ACPI: PCI Root Bridge [PCI0] (domain 0000 [bus 00-ff])
[    0.453060] acpi PNP0A03:00: _OSC: OS supports [ASPM ClockPM Segments MSI]
[    0.454825] acpi PNP0A03:00: _OSC: not requesting OS control; OS requires [ExtendedConfig ASPM ClockPM MSI]
[    0.456796] acpi PNP0A03:00: fail to add MMCONFIG information, can't access extended PCI configuration space under this bridge.
[    0.459559] PCI host bridge to bus 0000:00
[    0.460580] pci_bus 0000:00: root bus resource [io  0x0000-0x0cf7 window]
[    0.462124] pci_bus 0000:00: root bus resource [io  0x0d00-0xffff window]
[    0.463471] pci_bus 0000:00: root bus resource [mem 0x000a0000-0x000bffff window]
[    0.465065] pci_bus 0000:00: root bus resource [mem 0x40000000-0xfdffffff window]
[    0.466920] pci_bus 0000:00: root bus resource [bus 00-ff]
[    0.469591] pci 0000:00:01.1: legacy IDE quirk: reg 0x10: [io  0x01f0-0x01f7]
[    0.471125] pci 0000:00:01.1: legacy IDE quirk: reg 0x14: [io  0x03f6]
[    0.472476] pci 0000:00:01.1: legacy IDE quirk: reg 0x18: [io  0x0170-0x0177]
[    0.485396] pci 0000:00:01.1: legacy IDE quirk: reg 0x1c: [io  0x0376]
[    0.495124] pci 0000:00:07.0: quirk: [io  0x4000-0x403f] claimed by PIIX4 ACPI
[    0.496807] pci 0000:00:07.0: quirk: [io  0x4100-0x410f] claimed by PIIX4 SMB
[    0.503487] ACPI: PCI Interrupt Link [LNKA] (IRQs 5 9 10 *11)
[    0.505260] ACPI: PCI Interrupt Link [LNKB] (IRQs 5 9 *10 11)
[    0.506879] ACPI: PCI Interrupt Link [LNKC] (IRQs 5 *9 10 11)
[    0.508597] ACPI: PCI Interrupt Link [LNKD] (IRQs 5 9 10 *11)
[    0.510287] ACPI: Enabled 2 GPEs in block 00 to 07
[    0.511462] vgaarb: setting as boot device: PCI:0000:00:02.0
[    0.512618] vgaarb: device added: PCI:0000:00:02.0,decodes=io+mem,owns=io+mem,locks=none
[    0.514179] vgaarb: loaded
[    0.514792] vgaarb: bridge control possible 0000:00:02.0
[    0.516030] SCSI subsystem initialized
[    0.516939] ACPI: bus type USB registered
[    0.517904] usbcore: registered new interface driver usbfs
[    0.518889] usbcore: registered new interface driver hub
[    0.519921] usbcore: registered new device driver usb
[    0.521448] PCI: Using ACPI for IRQ routing
[    0.522896] NetLabel: Initializing
[    0.523610] NetLabel:  domain hash size = 128
[    0.524563] NetLabel:  protocols = UNLABELED CIPSOv4
[    0.525531] NetLabel:  unlabeled traffic allowed by default
[    0.526634] amd_nb: Cannot enumerate AMD northbridges
[    0.527692] clocksource: Switched to clocksource kvm-clock
[    0.533658] AppArmor: AppArmor Filesystem Enabled
[    0.534682] pnp: PnP ACPI init
[    0.536089] pnp: PnP ACPI: found 3 devices
[    0.545402] clocksource: acpi_pm: mask: 0xffffff max_cycles: 0xffffff, max_idle_ns: 2085701024 ns
[    0.547318] NET: Registered protocol family 2
[    0.548380] TCP established hash table entries: 8192 (order: 4, 65536 bytes)
[    0.549857] TCP bind hash table entries: 8192 (order: 5, 131072 bytes)
[    0.551145] TCP: Hash tables configured (established 8192 bind 8192)
[    0.552419] UDP hash table entries: 512 (order: 2, 16384 bytes)
[    0.553644] UDP-Lite hash table entries: 512 (order: 2, 16384 bytes)
[    0.554968] NET: Registered protocol family 1
[    0.555943] pci 0000:00:00.0: Limiting direct PCI/PCI transfers
[    0.557127] pci 0000:00:01.0: Activating ISA DMA hang workarounds
[    0.558493] Unpacking initramfs...
[    0.701086] Freeing initrd memory: 14880K
[    0.702070] clocksource: tsc: mask: 0xffffffffffffffff max_cycles: 0x2e02c6b261a, max_idle_ns: 440795349838 ns
[    0.704107] platform rtc_cmos: registered platform RTC device (no PNP device found)
[    0.705834] Scanning for low memory corruption every 60 seconds
[    0.707330] audit: initializing netlink subsys (disabled)
[    0.708491] audit: type=2000 audit(1601224642.431:1): initialized
[    0.709739] Initialise system trusted keyring
[    0.710760] HugeTLB registered 2 MB page size, pre-allocated 0 pages
[    0.712864] zbud: loaded
[    0.713759] VFS: Disk quotas dquot_6.6.0
[    0.714582] VFS: Dquot-cache hash table entries: 512 (order 0, 4096 bytes)
[    0.715983] squashfs: version 4.0 (2009/01/31) Phillip Lougher
[    0.717378] fuse init (API version 7.23)
[    0.718317] Key type big_key registered
[    0.719193] Allocating IMA MOK and blacklist keyrings.
[    0.721646] Key type asymmetric registered
[    0.722567] Asymmetric key parser 'x509' registered
[    0.723642] Block layer SCSI generic (bsg) driver version 0.4 loaded (major 249)
[    0.725415] io scheduler noop registered
[    0.726260] io scheduler deadline registered (default)
[    0.727357] io scheduler cfq registered
[    0.728295] pci_hotplug: PCI Hot Plug PCI Core version: 0.5
[    0.729520] pciehp: PCI Express Hot Plug Controller Driver version: 0.4
[    0.731084] ACPI: AC Adapter [AC] (on-line)
[    0.732017] input: Power Button as /devices/LNXSYSTM:00/LNXPWRBN:00/input/input0
[    0.733691] ACPI: Power Button [PWRF]
[    0.734561] input: Sleep Button as /devices/LNXSYSTM:00/LNXSLPBN:00/input/input1
[    0.736179] ACPI: Sleep Button [SLPF]
[    0.737184] GHES: HEST is not enabled!
[    0.738075] Serial: 8250/16550 driver, 32 ports, IRQ sharing enabled
[    0.759775] 00:02: ttyS0 at I/O 0x3f8 (irq = 4, base_baud = 115200) is a 16550A
[    0.764188] Linux agpgart interface v0.103
[    0.766644] loop: module loaded
[    0.768045] scsi host0: ata_piix
[    0.768913] scsi host1: ata_piix
[    0.769710] ata1: PATA max UDMA/33 cmd 0x1f0 ctl 0x3f6 bmdma 0xd000 irq 14
[    0.771188] ata2: PATA max UDMA/33 cmd 0x170 ctl 0x376 bmdma 0xd008 irq 15
[    0.772926] libphy: Fixed MDIO Bus: probed
[    0.773883] tun: Universal TUN/TAP device driver, 1.6
[    0.775099] tun: (C) 1999-2004 Max Krasnyansky <maxk@qualcomm.com>
[    0.776517] PPP generic driver version 2.4.2
[    0.777695] ehci_hcd: USB 2.0 'Enhanced' Host Controller (EHCI) Driver
[    0.779132] ehci-pci: EHCI PCI platform driver
[    0.780067] ehci-platform: EHCI generic platform driver
[    0.781157] ohci_hcd: USB 1.1 'Open' Host Controller (OHCI) Driver
[    0.782314] ohci-pci: OHCI PCI platform driver
[    0.783392] ohci-platform: OHCI generic platform driver
[    0.784563] uhci_hcd: USB Universal Host Controller Interface driver
[    0.785800] i8042: PNP: PS/2 Controller [PNP0303:PS2K,PNP0f03:PS2M] at 0x60,0x64 irq 1,12
[    0.788114] serio: i8042 KBD port at 0x60,0x64 irq 1
[    0.789125] serio: i8042 AUX port at 0x60,0x64 irq 12
[    0.790445] mousedev: PS/2 mouse device common for all mice
[    0.792066] input: AT Translated Set 2 keyboard as /devices/platform/i8042/serio0/input/input2
[    0.794395] rtc_cmos rtc_cmos: rtc core: registered rtc_cmos as rtc0
[    0.795801] rtc_cmos rtc_cmos: alarms up to one day, 114 bytes nvram
[    0.797237] i2c /dev entries driver
[    0.798082] device-mapper: uevent: version 1.0.3
[    0.799151] device-mapper: ioctl: 4.34.0-ioctl (2015-10-28) initialised: dm-devel@redhat.com
[    0.801309] ledtrig-cpu: registered to indicate activity on CPUs
[    0.802938] NET: Registered protocol family 10
[    0.804250] NET: Registered protocol family 17
[    0.805183] Key type dns_resolver registered
[    0.806432] registered taskstats version 1
[    0.807347] Loading compiled-in X.509 certificates
[    0.808958] Loaded X.509 cert 'Build time autogenerated kernel key: b89e9ea735e1dbde81c7786f041ecf1d53e71c2e'
[    0.811102] zswap: loaded using pool lzo/zbud
[    0.813570] Key type trusted registered
[    0.817038] Key type encrypted registered
[    0.817977] AppArmor: AppArmor sha1 policy hashing enabled
[    0.819059] ima: No TPM chip found, activating TPM-bypass!
[    0.820123] ima: Allocated hash algorithm: sha1
[    0.821519] evm: HMAC attrs: 0x1
[    0.822604]   Magic number: 4:327:642
[    0.823416] rtc_cmos rtc_cmos: setting system clock to 2020-09-27 16:37:17 UTC (1601224637)
[    0.825355] BIOS EDD facility v0.16 2004-Jun-25, 0 devices found
[    0.826434] EDD information not available.
[    0.953112] Freeing unused kernel memory: 1492K
[    0.954539] Write protecting the kernel read-only data: 14336k
[    0.956430] Freeing unused kernel memory: 1592K
[    0.958083] Freeing unused kernel memory: 56K
Loading, please wait...
starting version 229
[    0.969873] random: systemd-udevd: uninitialized urandom read (16 bytes read, 3 bits of entropy available)
[    0.970272] random: udevadm: uninitialized urandom read (16 bytes read, 3 bits of entropy available)
[    0.970364] random: udevadm: uninitialized urandom read (16 bytes read, 3 bits of entropy available)
[    0.975599] random: systemd-udevd: uninitialized urandom read (16 bytes read, 3 bits of entropy available)
[    0.977491] random: udevadm: uninitialized urandom read (16 bytes read, 3 bits of entropy available)
[    0.977523] random: udevadm: uninitialized urandom read (16 bytes read, 3 bits of entropy available)
[    0.977632] random: udevadm: uninitialized urandom read (16 bytes read, 3 bits of entropy available)
[    0.977671] random: udevadm: uninitialized urandom read (16 bytes read, 3 bits of entropy available)
[    0.977710] random: udevadm: uninitialized urandom read (16 bytes read, 3 bits of entropy available)
[    0.977750] random: udevadm: uninitialized urandom read (16 bytes read, 3 bits of entropy available)
[    1.023717] Fusion MPT base driver 3.04.20
[    1.024549] Copyright (c) 1999-2008 LSI Corporation
[    1.026612] e1000: Intel(R) PRO/1000 Network Driver - version 7.3.21-k8-NAPI
[    1.027880] e1000: Copyright (c) 1999-2006 Intel Corporation.
[    1.035213] Fusion MPT SPI Host driver 3.04.20
[    1.039628] AVX2 version of gcm_enc/dec engaged.
[    1.040650] AES CTR mode by8 optimization enabled
[    1.234188] input: ImExPS/2 Generic Explorer Mouse as /devices/platform/i8042/serio1/input/input4
[    1.405684] e1000 0000:00:03.0 eth0: (PCI:33MHz:32-bit) 02:83:3c:85:18:ff
[    1.407625] e1000 0000:00:03.0 eth0: Intel(R) PRO/1000 Network Connection
[    2.892064] e1000 0000:00:08.0 eth1: (PCI:33MHz:32-bit) 08:00:27:c7:ba:12
[    2.894091] e1000 0000:00:08.0 eth1: Intel(R) PRO/1000 Network Connection
[    2.897274] e1000 0000:00:03.0 enp0s3: renamed from eth0
[    2.899213] mptbase: ioc0: Initiating bringup
[    2.912568] e1000 0000:00:08.0 enp0s8: renamed from eth1
[    2.967981] ioc0: LSI53C1030 A0: Capabilities={Initiator}
[    3.136970] scsi host2: ioc0: LSI53C1030 A0, FwRev=00000000h, Ports=1, MaxQ=256, IRQ=20
[    3.257123] scsi 2:0:0:0: Direct-Access     VBOX     HARDDISK         1.0  PQ: 0 ANSI: 5
[    3.266532] scsi target2:0:0: Beginning Domain Validation
[    3.275749] scsi target2:0:0: Domain Validation skipping write tests
[    3.277899] scsi target2:0:0: Ending Domain Validation
[    3.278904] scsi target2:0:0: asynchronous
[    3.280135] scsi 2:0:1:0: Direct-Access     VBOX     HARDDISK         1.0  PQ: 0 ANSI: 5
[    3.281811] scsi target2:0:1: Beginning Domain Validation
[    3.294813] scsi target2:0:1: Domain Validation skipping write tests
[    3.295942] scsi target2:0:1: Ending Domain Validation
[    3.296971] scsi target2:0:1: asynchronous
[    3.302745] sd 2:0:0:0: Attached scsi generic sg0 type 0
[    3.303805] sd 2:0:0:0: [sda] 20971520 512-byte logical blocks: (10.7 GB/10.0 GiB)
[    3.305701] sd 2:0:1:0: Attached scsi generic sg1 type 0
[    3.306949] sd 2:0:1:0: [sdb] 20480 512-byte logical blocks: (10.5 MB/10.0 MiB)
[    3.307766] sd 2:0:0:0: [sda] Write Protect is off
[    3.307865] sd 2:0:0:0: [sda] Incomplete mode parameter data
[    3.307866] sd 2:0:0:0: [sda] Assuming drive cache: write through
[    3.310567]  sda: sda1
[    3.311307] sd 2:0:0:0: [sda] Attached SCSI disk
[    3.313358] sd 2:0:1:0: [sdb] Write Protect is off
[    3.314566] sd 2:0:1:0: [sdb] Incomplete mode parameter data
[    3.315595] sd 2:0:1:0: [sdb] Assuming drive cache: write through
[    3.319423] sd 2:0:1:0: [sdb] Attached SCSI disk
Begin: Loading essential drivers ... [    4.685236] md: linear personality registered for level -1
[    4.688348] md: multipath personality registered for level -4
[    4.691490] md: raid0 personality registered for level 0
[    4.695840] md: raid1 personality registered for level 1
[    4.768399] raid6: sse2x1   gen() 13888 MB/s
[    4.836191] raid6: sse2x1   xor() 10457 MB/s
[    4.904122] raid6: sse2x2   gen() 17170 MB/s
[    4.971934] raid6: sse2x2   xor() 11721 MB/s
[    5.039705] raid6: sse2x4   gen() 16647 MB/s
[    5.107821] raid6: sse2x4   xor() 12369 MB/s
[    5.175711] raid6: avx2x1   gen() 26333 MB/s
[    5.243934] raid6: avx2x2   gen() 29375 MB/s
[    5.312163] raid6: avx2x4   gen() 33481 MB/s
[    5.313177] raid6: using algorithm avx2x4 gen() 33481 MB/s
[    5.314160] raid6: using avx2x2 recovery algorithm
[    5.316032] xor: automatically using best checksumming function:
[    5.359725]    avx       : 33066.000 MB/sec
[    5.361472] async_tx: api initialized (async)
[    5.370000] md: raid6 personality registered for level 6
[    5.371214] md: raid5 personality registered for level 5
[    5.372312] md: raid4 personality registered for level 4
[    5.377964] md: raid10 personality registered for level 10
done.
Begin: Running /scripts/init-premount ... done.
Begin: Mounting root file system ... Begin: Running /scripts/local-top ... done.
Begin: Running /scripts/local-premount ... [    5.410407] Btrfs loaded
Scanning for Btrfs filesystems
done.
Warning: fsck not present, so skipping root file system
[    5.430324] EXT4-fs (sda1): INFO: recovery required on readonly filesystem
[    5.431497] EXT4-fs (sda1): write access will be enabled during recovery
[    5.501018] EXT4-fs (sda1): orphan cleanup on readonly fs
[    5.503658] EXT4-fs (sda1): 5 orphan inodes deleted
[    5.504730] EXT4-fs (sda1): recovery complete
[    5.506465] EXT4-fs (sda1): mounted filesystem with ordered data mode. Opts: (null)
done.
Begin: Running /scripts/local-bottom ... done.
Begin: Running /scripts/init-bottom ... done.
[    5.580510] systemd[1]: systemd 229 running in system mode. (+PAM +AUDIT +SELINUX +IMA +APPARMOR +SMACK +SYSVINIT +UTMP +LIBCRYPTSETUP +GCRYPT +GNUTLS +ACL +XZ -LZ4 +SECCOMP +BLKID +ELFUTILS +KMOD -IDN)
[    5.583592] systemd[1]: Detected virtualization oracle.
[    5.584575] systemd[1]: Detected architecture x86-64.

Welcome to [1mUbuntu 16.04.7 LTS[0m!

[    5.587912] systemd[1]: Set hostname to <ubuntu-xenial>.
[    5.703468] systemd[1]: Started Trigger resolvconf update for networkd DNS.
[[0;32m  OK  [0m] Started Trigger resolvconf update for networkd DNS.
[    5.705816] systemd[1]: Listening on udev Control Socket.
[[0;32m  OK  [0m] Listening on udev Control Socket.
[    5.712100] systemd[1]: Listening on /dev/initctl Compatibility Named Pipe.
[[0;32m  OK  [0m] Listening on /dev/initctl Compatibility Named Pipe.
[    5.714249] systemd[1]: Created slice System Slice.
[[0;32m  OK  [0m] Created slice System Slice.
[    5.715888] systemd[1]: Listening on Syslog Socket.
[[0;32m  OK  [0m] Listening on Syslog Socket.
[    5.717392] systemd[1]: Reached target System Time Synchronized.
[[0;32m  OK  [0m] Reached target System Time Synchronized.
[    5.719203] systemd[1]: Reached target Swap.
[[0;32m  OK  [0m] Reached target Swap.
[    5.720657] systemd[1]: Listening on Journal Audit Socket.
[[0;32m  OK  [0m] Listening on Journal Audit Socket.
[    5.722622] systemd[1]: Created slice system-serial\x2dgetty.slice.
[[0;32m  OK  [0m] Created slice system-serial\x2dgetty.slice.
[    5.724655] systemd[1]: Created slice User and Session Slice.
[[0;32m  OK  [0m] Created slice User and Session Slice.
[    5.732573] systemd[1]: Reached target Slices.
[[0;32m  OK  [0m] Reached target Slices.
[    5.734076] systemd[1]: Listening on LVM2 metadata daemon socket.
[[0;32m  OK  [0m] Listening on LVM2 metadata daemon socket.
[    5.735880] systemd[1]: Reached target Encrypted Volumes.
[[0;32m  OK  [0m] Reached target Encrypted Volumes.
[    5.744284] systemd[1]: Listening on Journal Socket (/dev/log).
[[0;32m  OK  [0m] Listening on Journal Socket (/dev/log).
[    5.746192] systemd[1]: Reached target User and Group Name Lookups.
[[0;32m  OK  [0m] Reached target User and Group Name Lookups.
[    5.748012] systemd[1]: Listening on Device-mapper event daemon FIFOs.
[[0;32m  OK  [0m] Listening on Device-mapper event daemon FIFOs.
[    5.749991] systemd[1]: Listening on udev Kernel Socket.
[[0;32m  OK  [0m] Listening on udev Kernel Socket.
[    5.751786] systemd[1]: Set up automount Arbitrary Executable File Formats File System Automount Point.
[[0;32m  OK  [0m] Set up automount Arbitrary Executab...ats File System Automount Point.
[    5.759959] systemd[1]: Listening on Journal Socket.
[[0;32m  OK  [0m] Listening on Journal Socket.
[    5.772576] systemd[1]: Starting Set console keymap...
         Starting Set console keymap...
[    5.780418] systemd[1]: Starting Uncomplicated firewall...
         Starting Uncomplicated firewall...
[    5.782610] systemd[1]: Mounting POSIX Message Queue File System...
         Mounting POSIX Message Queue File System...
[    5.784974] systemd[1]: Starting Create list of required static device nodes for the current kernel...
         Starting Create list of required st... nodes for the current kernel...
[    5.788819] systemd[1]: Mounting Huge Pages File System...
         Mounting Huge Pages File System...
[    5.793451] systemd[1]: Starting Load Kernel Modules...
         Starting Load Kernel Modules...
[    5.797020] systemd[1]: Starting Nameserver information manager...
         Starting Nameserver information manager...
[    5.799243] systemd[1]: Mounting Debug File System...
         Mounting Debug File System...
[    5.801051] systemd[1]: Starting Remount Root and Kernel File Systems...
[    5.802343] Loading iSCSI transport class v2.0-870.
         Starting Remount Root and Kernel File Systems...
[    5.804262] systemd[1]: Starting Journal Service...
         Starting Journal Service...
[    5.806726] systemd[1]: Started Forward Password Requests to Wall Directory Watch.
[[0;32m  OK  [0m] Started Forward Password Requests to Wall Directory Watch.
[    5.809402] ip_tables: (C) 2000-2006 Netfilter Core Team
[    5.810111] EXT4-fs (sda1): re-mounted. Opts: (null)
[    5.811882] systemd[1]: Starting Monitoring of LVM2 mirrors, snapshots etc. using dmeventd or progress polling...
         Starting Monitoring of LVM2 mirrors... dmeventd or progress polling...
[    5.815425] systemd[1]: Listening on LVM2 poll daemon socket.
[[0;32m  OK  [0m] Listening on LVM2 poll daemon socket.
[    5.821000] systemd[1]: Mounted Debug File System.
[[0;32m  OK  [0m] Mounted Debug File System.
[    5.822698] systemd[1]: Mounted Huge Pages File System.
[[0;32m  OK  [0m] Mounted Huge Pages File System.
[    5.824353] systemd[1]: Mounted POSIX Message Queue File System.
[[0;32m  OK  [0m] Mounted POSIX Message Queue File System.
[    5.826533] systemd[1]: Started Create list of required static device nodes for the current kernel.
[[0;32m  OK  [0m] Started Create list of required sta...ce nodes for the current kernel.
[    5.829383] iscsi: registered transport (tcp)
[    5.832713] systemd[1]: Started Remount Root and Kernel File Systems.
[[0;32m  OK  [0m] Started Remount Root and Kernel File Systems.
[    5.835047] systemd[1]: Started Journal Service.
[[0;32m  OK  [0m] Started Journal Service.
[[0;32m  OK  [0m] Started Nameserver information manager.
[[0;32m  OK  [0m] Started LVM2 metadata daemon.
         Starting Load/Save Random Seed...
         Starting Flush Journal to Persistent Storage...
         Starting udev Coldplug all Devices...
         Starting Create Static Device Nodes in /dev...
[[0;32m  OK  [0m] Started Load/Save Random Seed.
[    5.849796] nf_conntrack version 0.5.0 (7935 buckets, 31740 max)
[    5.851605] systemd-journald[395]: Received request to flush runtime journal from PID 1
[[0;32m  OK  [0m] Started Flush Journal to Persistent Storage.
[[0;32m  OK  [0m] Started Create Static Device Nodes in /dev.
[    5.878846] ip6_tables: (C) 2000-2006 Netfilter Core Team
[    5.883576] iscsi: registered transport (iser)
         Starting udev Kernel Device Manager...
[[0;32m  OK  [0m] Started Load Kernel Modules.
         Mounting FUSE Control File System...
         Starting Apply Kernel Variables...
[[0;32m  OK  [0m] Mounted FUSE Control File System.
[[0;32m  OK  [0m] Started Apply Kernel Variables.
[[0;32m  OK  [0m] Started udev Kernel Device Manager.
[[0;32m  OK  [0m] Started udev Coldplug all Devices.
[[0;32m  OK  [0m] Started Set console keymap.
[[0;32m  OK  [0m] Started Dispatch Password Requests to Console Directory Watch.
[[0;32m  OK  [0m] Started Uncomplicated firewall.
[[0;32m  OK  [0m] Found device /dev/ttyS0.
[[0;32m  OK  [0m] Listening on Load/Save RF Kill Switch Status /dev/rfkill Watch.
[[0;32m  OK  [0m] Started Monitoring of LVM2 mirrors,...ng dmeventd or progress polling.
[[0;32m  OK  [0m] Reached target Local File Systems (Pre).
         Mounting /vagrant...
[[0;32m  OK  [0m] Reached target Local File Systems.
         Starting Tell Plymouth To Write Out Runtime Data...
         Starting Set console font and keymap...
         Starting Initial cloud-init job (pre-networking)...
         Starting LSB: AppArmor initialization...
         Starting Create Volatile Files and Directories...
[[0;1;31mFAILED[0m] Failed to mount /vagrant.
See 'systemctl status vagrant.mount' for details.
[[0;32m  OK  [0m] Started Tell Plymouth To Write Out Runtime Data.
[[0;32m  OK  [0m] Started Create Volatile Files and Directories.
         Starting Update UTMP about System Boot/Shutdown...
[[0;32m  OK  [0m] Started Update UTMP about System Boot/Shutdown.
[[0;32m  OK  [0m] Started Set console font and keymap.
[[0;32m  OK  [0m] Found device 82540EM Gigabit Ethern...r (PRO/1000 MT Desktop Adapter).
[[0;32m  OK  [0m] Found device 82540EM Gigabit Ethern...r (PRO/1000 MT Desktop Adapter).
[[0;32m  OK  [0m] Created slice system-getty.slice.
[[0;32m  OK  [0m] Started LSB: AppArmor initialization.
         Starting Load AppArmor profiles managed internally by snapd...
[[0;32m  OK  [0m] Started Load AppArmor profiles managed internally by snapd.
[    7.165971] cloud-init[726]: Cloud-init v. 20.3-2-g371b392c-0ubuntu1~16.04.1 running 'init-local' at Sun, 27 Sep 2020 16:37:23 +0000. Up 6.94 seconds.
[[0;32m  OK  [0m] Started Initial cloud-init job (pre-networking).
[[0;32m  OK  [0m] Reached target Network (Pre).
[[0;32m  OK  [0m] Started ifup for enp0s8.
         Starting Raise network interfaces...
[[0;32m  OK  [0m] Started ifup for enp0s3.
[[0;32m  OK  [0m] Started Raise network interfaces.
[[0;32m  OK  [0m] Reached target Network.
         Starting Initial cloud-init job (metadata service crawler)...
[    8.905370] cloud-init[1153]: Cloud-init v. 20.3-2-g371b392c-0ubuntu1~16.04.1 running 'init' at Sun, 27 Sep 2020 16:37:25 +0000. Up 8.65 seconds.
[    8.913132] cloud-init[1153]: ci-info: ++++++++++++++++++++++++++++++++++++++Net device info+++++++++++++++++++++++++++++++++++++++
[    8.914568] cloud-init[1153]: ci-info: +--------+------+-----------------------------+---------------+--------+-------------------+
[    8.916093] cloud-init[1153]: ci-info: | Device |  Up  |           Address           |      Mask     | Scope  |     Hw-Address    |
[    8.917512] cloud-init[1153]: ci-info: +--------+------+-----------------------------+---------------+--------+-------------------+
[    8.918671] cloud-init[1153]: ci-info: | enp0s3 | True |          10.0.2.15          | 255.255.255.0 | global | 02:83:3c:85:18:ff |
[    8.920002] cloud-init[1153]: ci-info: | enp0s3 | True |  fe80::83:3cff:fe85:18ff/64 |       .       |  link  | 02:83:3c:85:18:ff |
[    8.921164] cloud-init[1153]: ci-info: | enp0s8 | True |        192.168.33.10        | 255.255.255.0 | global | 08:00:27:c7:ba:12 |
[    8.922587] cloud-init[1153]: ci-info: | enp0s8 | True | fe80::a00:27ff:fec7:ba12/64 |       .       |  link  | 08:00:27:c7:ba:12 |
[    8.923998] cloud-init[1153]: ci-info: |   lo   | True |          127.0.0.1          |   255.0.0.0   |  host  |         .         |
[    8.925318] cloud-init[1153]: ci-info: |   lo   | True |           ::1/128           |       .       |  host  |         .         |
[    8.926730] cloud-init[1153]: ci-info: +--------+------+-----------------------------+---------------+--------+-------------------+
[    8.928145] cloud-init[1153]: ci-info: ++++++++++++++++++++++++++++Route IPv4 info++++++++++++++++++++++++++++
[    8.936591] cloud-init[1153]: ci-info: +-------+--------------+----------+---------------+-----------+-------+
[    8.944378] cloud-init[1153]: ci-info: | Route | Destination  | Gateway  |    Genmask    | Interface | Flags |
[    8.957529] cloud-init[1153]: ci-info: +-------+--------------+----------+---------------+-----------+-------+
[[0;32m  OK  [0m] Started Initial cloud-init job (metadata service crawler).
[[0;32m  OK  [0m] Reached target System Initialization.
[    8.965109] cloud-init[1153]: ci-info: |   0   |   0.0.0.0    | 10.0.2.2 |    0.0.0.0    |   enp0s3  |   UG  |
[    8.981650] cloud-init[1153]: ci-info: |   1   |   10.0.2.0   | 0.0.0.0  | 255.255.255.0 |   enp0s3  |   U   |
[    8.982170] cloud-init[1153]: ci-info: |   2   | 192.168.33.0 | 0.0.0.0  | 255.255.255.0 |   enp0s8  |   U   |
[    8.982587] cloud-init[1153]: ci-info: +-------+--------------+----------+---------------+-----------+-------+
[[0;32m  OK  [0m] Started Daily apt download activities.
[    8.982919] cloud-init[1153]: ci-info: +++++++++++++++++++Route IPv6 info+++++++++++++++++++
[    8.989152] cloud-init[1153]: ci-info: +-------+-------------+---------+-----------+-------+
[    8.990850] cloud-init[1153]: ci-info: | Route | Destination | Gateway | Interface | Flags |
[    9.000479] cloud-init[1153]: ci-info: +-------+-------------+---------+-----------+-------+
[    9.001126] cloud-init[1153]: ci-info: |   0   |  fe80::/64  |    ::   |   enp0s8  |   U   |
[    9.001414] cloud-init[1153]: ci-info: |   1   |  fe80::/64  |    ::   |   enp0s3  |   U   |
[    9.002257] cloud-init[1153]: ci-info: |   4   |   ff00::/8  |    ::   |   enp0s8  |   U   |
[    9.002580] cloud-init[1153]: ci-info: |   5   |   ff00::/8  |    ::   |   enp0s3  |   U   |
[    9.003151] cloud-init[1153]: ci-info: +-------+-------------+---------+-----------+-------+
[[0;32m  OK  [0m] Started ACPI Events Check.
[[0;32m  OK  [0m] Reached target Paths.
         Starting Socket activation for snappy daemon.
[[0;32m  OK  [0m] Started Daily apt upgrade and clean activities.
[[0;32m  OK  [0m] Listening on UUID daemon activation socket.
         Starting LXD - unix socket.
[[0;32m  OK  [0m] Started Message of the Day.
[[0;32m  OK  [0m] Listening on ACPID Listen Socket.
[[0;32m  OK  [0m] Started Daily Cleanup of Temporary Directories.
[[0;32m  OK  [0m] Listening on D-Bus System Message Bus Socket.
[[0;32m  OK  [0m] Reached target Timers.
[[0;32m  OK  [0m] Reached target Cloud-config availability.
[[0;32m  OK  [0m] Reached target Network is Online.
         Starting iSCSI initiator daemon (iscsid)...
[[0;32m  OK  [0m] Listening on Socket activation for snappy daemon.
[[0;32m  OK  [0m] Listening on LXD - unix socket.
[[0;32m  OK  [0m] Reached target Sockets.
[[0;32m  OK  [0m] Reached target Basic System.
[[0;32m  OK  [0m] Started FUSE filesystem for LXC.
         Starting LSB: MD monitoring daemon...
         Starting System Logging Service...
         Starting Virtualbox guest utils...
         Starting A high performance web server and a reverse proxy server...
         Starting LXD - container startup/shutdown...
[[0;32m  OK  [0m] Started Supervisor process control system for UNIX.
         Starting OpenBSD Secure Shell server...
[[0;32m  OK  [0m] Started Deferred execution scheduler.
         Starting Accounts Service...
[[0;32m  OK  [0m] Started Regular background program processing daemon.
[[0;32m  OK  [0m] Started D-Bus System Message Bus.
         Starting /etc/rc.local Compatibility...
         Starting Snap Daemon...
         Starting MySQL Community Server...
[[0;32m  OK  [0m] Started ACPI event daemon.
         Starting Login Service...
         Starting LSB: Record successful boot for GRUB...
[[0;32m  OK  [0m] Started System Logging Service.
[[0;32m  OK  [0m] Started /etc/rc.local Compatibility.
[[0;32m  OK  [0m] Started OpenBSD Secure Shell server.
[[0;32m  OK  [0m] Started iSCSI initiator daemon (iscsid).
[[0;32m  OK  [0m] Started Login Service.
[[0;32m  OK  [0m] Started Unattended Upgrades Shutdown.
         Starting Authenticate and Authorize Users to Run Privileged Tasks...
         Starting Login to default iSCSI targets...
[[0;32m  OK  [0m] Started Login to default iSCSI targets.
[[0;32m  OK  [0m] Started LSB: MD monitoring daemon.
[[0;32m  OK  [0m] Reached target Remote File Systems (Pre).
[[0;32m  OK  [0m] Reached target Remote File Systems.
         Starting LSB: automatic crash report generation...
         Starting Permit User Sessions...
         Starting LSB: Set the CPU Frequency Scaling governor to "ondemand"...
         Starting LSB: daemon to balance interrupts for SMP systems...
[[0;32m  OK  [0m] Started Permit User Sessions.
         Starting Terminate Plymouth Boot Screen...
         Starting Hold until boot process finishes up...
[[0;32m  OK  [0m] Started Hold until boot process finishes up.
         Starting Set console scheme...
[[0;32m  OK  [0m] Started Getty on tty1.
[[0;32m  OK  [0m] Started Serial Getty on ttyS0.
[[0;32m  OK  [0m] Reached target Login Prompts.
[[0;32m  OK  [0m] Started Terminate Plymouth Boot Screen.
[[0;32m  OK  [0m] Started Set console scheme.
[[0;32m  OK  [0m] Started LSB: Record successful boot for GRUB.
[[0;32m  OK  [0m] Started Authenticate and Authorize Users to Run Privileged Tasks.
[[0;32m  OK  [0m] Started Accounts Service.
[[0;32m  OK  [0m] Started LXD - container startup/shutdown.
[[0;32m  OK  [0m] Started A high performance web server and a reverse proxy server.
[[0;32m  OK  [0m] Started LSB: automatic crash report generation.
[[0;32m  OK  [0m] Started LSB: Set the CPU Frequency Scaling governor to "ondemand".
[[0;32m  OK  [0m] Started LSB: daemon to balance interrupts for SMP systems.
[[0;32m  OK  [0m] Started Virtualbox guest utils.
[[0;32m  OK  [0m] Started Snap Daemon.
         Starting Wait until snapd is fully seeded...
[[0;32m  OK  [0m] Started Wait until snapd is fully seeded.
         Starting Apply the settings specified in cloud-config...
[    9.988651] cloud-init[1444]: Cloud-init v. 20.3-2-g371b392c-0ubuntu1~16.04.1 running 'modules:config' at Sun, 27 Sep 2020 16:37:26 +0000. Up 9.89 seconds.
[[0;32m  OK  [0m] Started Apply the settings specified in cloud-config.
[[0;32m  OK  [0m] Started MySQL Community Server.
         Starting LSB: Postfix Mail Transport Agent...
[[0;32m  OK  [0m] Started LSB: Postfix Mail Transport Agent.
[[0;32m  OK  [0m] Reached target Mail Transport Agent.
[[0;32m  OK  [0m] Reached target Multi-User System.
[[0;32m  OK  [0m] Reached target Graphical Interface.
         Starting Execute cloud user/final scripts...
         Starting Update UTMP about System Runlevel Changes...
[[0;32m  OK  [0m] Started Update UTMP about System Runlevel Changes.
[   10.763184] cloud-init[1487]: Cloud-init v. 20.3-2-g371b392c-0ubuntu1~16.04.1 running 'modules:final' at Sun, 27 Sep 2020 16:37:27 +0000. Up 10.65 seconds.
[   10.764375] cloud-init[1487]: Cloud-init v. 20.3-2-g371b392c-0ubuntu1~16.04.1 finished at Sun, 27 Sep 2020 16:37:27 +0000. Datasource DataSourceNoCloud [seed=/dev/sdb][dsmode=net].  Up 10.75 seconds
[[0;32m  OK  [0m] Started Execute cloud user/final scripts.
[[0;32m  OK  [0m] Reached target Cloud-init target.

Ubuntu 16.04.7 LTS ubuntu-xenial ttyS0

ubuntu-xenial login: 